<?xml version="1.0" encoding="UTF-8"?>
<!-- Generated by org.testng.reporters.JUnitReportReporter -->
<testsuite hostname="DESKTOP-2CIGIQL" failures="0" tests="2" name="com.seleniumFramework1.testcase.ProductPageTest" time="26.051" errors="0" timestamp="2023-12-25T13:37:08 IST" skipped="0">
  <testcase classname="com.seleniumFramework1.testcase.ProductPageTest" name="VerifyBuyProduct" time="22.173"/>
  <system-out/>
  <testcase classname="com.seleniumFramework1.testcase.ProductPageTest" name="VerifySearchProduct" time="3.878"/>
  <system-out/>
</testsuite> <!-- com.seleniumFramework1.testcase.ProductPageTest -->
