<?xml version="1.0" encoding="UTF-8"?>
<!-- Generated by org.testng.reporters.JUnitReportReporter -->
<testsuite hostname="DESKTOP-2CIGIQL" failures="0" tests="3" name="com.seleniumFramework1.testcase.MyAccountPageTest" time="6.994" errors="0" timestamp="2023-12-25T21:08:07 IST" skipped="1">
  <testcase classname="com.seleniumFramework1.testcase.MyAccountPageTest" name="VerifySignOut" time="4.784"/>
  <system-out/>
  <testcase classname="com.seleniumFramework1.testcase.MyAccountPageTest" name="verifyLogin" time="2.210"/>
  <system-out/>
  <testcase classname="com.seleniumFramework1.testcase.MyAccountPageTest" name="verifyregistrationAndLogin">
    <skipped/>
  </testcase> <!-- verifyregistrationAndLogin -->
  <system-out/>
</testsuite> <!-- com.seleniumFramework1.testcase.MyAccountPageTest -->
